
*** Running xst
    with args -ifn "mojo_top_0.xst" -ofn "mojo_top_0.srp" -intstyle ise

Reading design: mojo_top_0.prj

=========================================================================
*                          HDL Parsing                                  *
=========================================================================
Analyzing Verilog file "C:/Users/User/Documents/mojo/mhp_group6/work/planAhead/mhp_group6/mhp_group6.srcs/sources_1/imports/verilog/reset_conditioner_1.v" into library work
Parsing module <reset_conditioner_1>.
Analyzing Verilog file "C:/Users/User/Documents/mojo/mhp_group6/work/planAhead/mhp_group6/mhp_group6.srcs/sources_1/imports/verilog/mhp_1d_2.v" into library work
Parsing module <mhp_1d_2>.
Analyzing Verilog file "C:/Users/User/Documents/mojo/mhp_group6/work/planAhead/mhp_group6/mhp_group6.srcs/sources_1/imports/verilog/mojo_top_0.v" into library work
Parsing module <mojo_top_0>.

=========================================================================
*                            HDL Elaboration                            *
=========================================================================

Elaborating module <mojo_top_0>.

Elaborating module <reset_conditioner_1>.

Elaborating module <mhp_1d_2>.
WARNING:HDLCompiler:1127 - "C:/Users/User/Documents/mojo/mhp_group6/work/planAhead/mhp_group6/mhp_group6.srcs/sources_1/imports/verilog/mojo_top_0.v" Line 69: Assignment to M_mhp_1d_manualtestcheck ignored, since the identifier is never used
WARNING:HDLCompiler:1127 - "C:/Users/User/Documents/mojo/mhp_group6/work/planAhead/mhp_group6/mhp_group6.srcs/sources_1/imports/verilog/mojo_top_0.v" Line 70: Assignment to M_mhp_1d_manualtestnum ignored, since the identifier is never used
WARNING:HDLCompiler:1127 - "C:/Users/User/Documents/mojo/mhp_group6/work/planAhead/mhp_group6/mhp_group6.srcs/sources_1/imports/verilog/mojo_top_0.v" Line 71: Assignment to M_mhp_1d_manualerror ignored, since the identifier is never used

=========================================================================
*                           HDL Synthesis                               *
=========================================================================

Synthesizing Unit <mojo_top_0>.
    Related source file is "C:/Users/User/Documents/mojo/mhp_group6/work/planAhead/mhp_group6/mhp_group6.srcs/sources_1/imports/verilog/mojo_top_0.v".
WARNING:Xst:647 - Input <io_button> is never used. This port will be preserved and left unconnected if it belongs to a top-level block or it belongs to a sub-block and the hierarchy of this sub-block is preserved.
WARNING:Xst:647 - Input <io_dip<22:3>> is never used. This port will be preserved and left unconnected if it belongs to a top-level block or it belongs to a sub-block and the hierarchy of this sub-block is preserved.
WARNING:Xst:647 - Input <cclk> is never used. This port will be preserved and left unconnected if it belongs to a top-level block or it belongs to a sub-block and the hierarchy of this sub-block is preserved.
WARNING:Xst:647 - Input <spi_ss> is never used. This port will be preserved and left unconnected if it belongs to a top-level block or it belongs to a sub-block and the hierarchy of this sub-block is preserved.
WARNING:Xst:647 - Input <spi_mosi> is never used. This port will be preserved and left unconnected if it belongs to a top-level block or it belongs to a sub-block and the hierarchy of this sub-block is preserved.
WARNING:Xst:647 - Input <spi_sck> is never used. This port will be preserved and left unconnected if it belongs to a top-level block or it belongs to a sub-block and the hierarchy of this sub-block is preserved.
WARNING:Xst:647 - Input <avr_tx> is never used. This port will be preserved and left unconnected if it belongs to a top-level block or it belongs to a sub-block and the hierarchy of this sub-block is preserved.
WARNING:Xst:647 - Input <avr_rx_busy> is never used. This port will be preserved and left unconnected if it belongs to a top-level block or it belongs to a sub-block and the hierarchy of this sub-block is preserved.
INFO:Xst:3210 - "C:/Users/User/Documents/mojo/mhp_group6/work/planAhead/mhp_group6/mhp_group6.srcs/sources_1/imports/verilog/mojo_top_0.v" line 56: Output port <manualtestcheck> of the instance <mhp_1d> is unconnected or connected to loadless signal.
INFO:Xst:3210 - "C:/Users/User/Documents/mojo/mhp_group6/work/planAhead/mhp_group6/mhp_group6.srcs/sources_1/imports/verilog/mojo_top_0.v" line 56: Output port <manualtestnum> of the instance <mhp_1d> is unconnected or connected to loadless signal.
INFO:Xst:3210 - "C:/Users/User/Documents/mojo/mhp_group6/work/planAhead/mhp_group6/mhp_group6.srcs/sources_1/imports/verilog/mojo_top_0.v" line 56: Output port <manualerror> of the instance <mhp_1d> is unconnected or connected to loadless signal.
    Found 1-bit tristate buffer for signal <spi_miso> created at line 74
    Found 1-bit tristate buffer for signal <spi_channel<3>> created at line 74
    Found 1-bit tristate buffer for signal <spi_channel<2>> created at line 74
    Found 1-bit tristate buffer for signal <spi_channel<1>> created at line 74
    Found 1-bit tristate buffer for signal <spi_channel<0>> created at line 74
    Found 1-bit tristate buffer for signal <avr_rx> created at line 74
    Summary:
	inferred   6 Tristate(s).
Unit <mojo_top_0> synthesized.

Synthesizing Unit <reset_conditioner_1>.
    Related source file is "C:/Users/User/Documents/mojo/mhp_group6/work/planAhead/mhp_group6/mhp_group6.srcs/sources_1/imports/verilog/reset_conditioner_1.v".
    Found 4-bit register for signal <M_stage_q>.
    Summary:
	inferred   4 D-type flip-flop(s).
Unit <reset_conditioner_1> synthesized.

Synthesizing Unit <mhp_1d_2>.
    Related source file is "C:/Users/User/Documents/mojo/mhp_group6/work/planAhead/mhp_group6/mhp_group6.srcs/sources_1/imports/verilog/mhp_1d_2.v".
    Found 4-bit register for signal <M_tester_q>.
    Found 27-bit register for signal <M_clock_q>.
    Found finite state machine <FSM_0> for signal <M_tester_q>.
    -----------------------------------------------------------------------
    | States             | 9                                              |
    | Transitions        | 41                                             |
    | Inputs             | 4                                              |
    | Outputs            | 12                                             |
    | Clock              | clk (rising_edge)                              |
    | Reset              | rst (positive)                                 |
    | Reset type         | synchronous                                    |
    | Reset State        | 0000                                           |
    | Power Up State     | 0000                                           |
    | Encoding           | auto                                           |
    | Implementation     | LUT                                            |
    -----------------------------------------------------------------------
    Found 27-bit adder for signal <M_clock_q[26]_GND_3_o_add_0_OUT> created at line 44.
    Summary:
	inferred   1 Adder/Subtractor(s).
	inferred  27 D-type flip-flop(s).
	inferred   7 Multiplexer(s).
	inferred   1 Finite State Machine(s).
Unit <mhp_1d_2> synthesized.

=========================================================================
HDL Synthesis Report

Macro Statistics
# Adders/Subtractors                                   : 1
 27-bit adder                                          : 1
# Registers                                            : 2
 27-bit register                                       : 1
 4-bit register                                        : 1
# Multiplexers                                         : 7
 1-bit 2-to-1 multiplexer                              : 3
 27-bit 2-to-1 multiplexer                             : 3
 8-bit 2-to-1 multiplexer                              : 1
# Tristates                                            : 6
 1-bit tristate buffer                                 : 6
# FSMs                                                 : 1

=========================================================================

=========================================================================
*                       Advanced HDL Synthesis                          *
=========================================================================


=========================================================================
Advanced HDL Synthesis Report

Macro Statistics
# Adders/Subtractors                                   : 1
 27-bit adder                                          : 1
# Registers                                            : 31
 Flip-Flops                                            : 31
# Multiplexers                                         : 7
 1-bit 2-to-1 multiplexer                              : 3
 27-bit 2-to-1 multiplexer                             : 3
 8-bit 2-to-1 multiplexer                              : 1
# FSMs                                                 : 1

=========================================================================

=========================================================================
*                         Low Level Synthesis                           *
=========================================================================
Analyzing FSM <MFsm> for best encoding.
Optimizing FSM <mhp_1d/FSM_0> on signal <M_tester_q[1:4]> with user encoding.
-------------------
 State | Encoding
-------------------
 0000  | 0000
 1000  | 1000
 0001  | 0001
 0010  | 0010
 0011  | 0011
 0100  | 0100
 0101  | 0101
 0110  | 0110
 0111  | 0111
-------------------

Optimizing unit <mojo_top_0> ...

Optimizing unit <mhp_1d_2> ...

Mapping all equations...
Building and optimizing final netlist ...
Found area constraint ratio of 100 (+ 0) on block mojo_top_0, actual ratio is 1.
FlipFlop mhp_1d/M_tester_q_FSM_FFd1 has been replicated 1 time(s)

Final Macro Processing ...

Processing Unit <mojo_top_0> :
INFO:Xst:741 - HDL ADVISOR - A 4-bit shift register was found for signal <reset_cond/M_stage_q_3> and currently occupies 4 logic cells (2 slices). Removing the set/reset logic would take advantage of SRL32 (and derived) primitives and reduce this to 1 logic cells (1 slices). Evaluate if the set/reset can be removed for this simple shift register. The majority of simple pipeline structures do not need to be set/reset operationally.
Unit <mojo_top_0> processed.

=========================================================================
Final Register Report

Macro Statistics
# Registers                                            : 36
 Flip-Flops                                            : 36

=========================================================================

=========================================================================
*                           Partition Report                            *
=========================================================================

Partition Implementation Status
-------------------------------

  No Partitions were found in this design.

-------------------------------

=========================================================================
*                            Design Summary                             *
=========================================================================

Clock Information:
------------------
-----------------------------------+------------------------+-------+
Clock Signal                       | Clock buffer(FF name)  | Load  |
-----------------------------------+------------------------+-------+
clk                                | BUFGP                  | 36    |
-----------------------------------+------------------------+-------+

Asynchronous Control Signals Information:
----------------------------------------
No asynchronous control signals found in this design

Timing Summary:
---------------
Speed Grade: -2

   Minimum period: 3.473ns (Maximum Frequency: 287.915MHz)
   Minimum input arrival time before clock: 4.316ns
   Maximum output required time after clock: 6.051ns
   Maximum combinational path delay: 7.298ns

=========================================================================
